2026-04-24 23:29:30 | INFO     | main | Found 1 audio file(s) in C:\AudioIntel\input-voice\read.mp3
2026-04-24 23:29:30 | INFO     | main | Initialising engines...
2026-04-24 23:29:40 | INFO     | main | Transcribing read.mp3...
2026-04-24 23:30:55 | INFO     | main | Summarising read.mp3...
2026-04-24 23:55:17 | INFO     | main | Found 1 audio file(s) in C:\AudioIntel\input-voice\read.mp3
2026-04-24 23:55:17 | INFO     | main | Initialising engines...
2026-04-24 23:55:33 | INFO     | main | Transcribing read.mp3...
2026-04-24 23:57:22 | INFO     | main | Summarising read.mp3...
2026-04-24 23:57:53 | INFO     | main | Summary saved: C:\AudioIntel\output-summary\read_20260424_235533_summary.txt
2026-04-25 00:00:29 | INFO     | main | Found 1 audio file(s) in C:\AudioIntel\input-voice\read.mp3
2026-04-25 00:00:29 | INFO     | main | Initialising engines...
2026-04-25 00:00:29 | INFO     | main | Found 1 audio file(s) in C:\AudioIntel\input-voice\read.mp3
2026-04-25 00:00:29 | INFO     | main | Initialising engines...
2026-04-25 00:00:57 | INFO     | main | Transcribing read.mp3...
2026-04-25 00:05:52 | INFO     | main | Summarising read.mp3...
2026-04-25 00:06:46 | INFO     | main | Summary saved: C:\AudioIntel\output-summary\read_20260425_000057_summary.txt
2026-04-25 11:30:25 | INFO     | main | --------------------------------------------------------
2026-04-25 11:30:25 | INFO     | main | Found 1 audio file(s) in C:\AudioIntel\input-voice\read.mp3
2026-04-25 11:30:25 | INFO     | main | Initialising engines...
2026-04-25 11:30:33 | INFO     | main | Transcribing read.mp3...
2026-04-25 11:31:31 | INFO     | main | Transcription saved: C:\AudioIntel\output-transcription\read_20260425_113033_transcription.txt
2026-04-25 11:31:31 | INFO     | main | Summarising read.mp3...
2026-04-25 11:55:46 | INFO     | main | --------------------------------------------------------
2026-04-25 11:55:46 | INFO     | main | Found 1 audio file(s) in C:\AudioIntel\input-voice\read.mp3
2026-04-25 11:55:46 | INFO     | main | Initialising engines...
2026-04-25 11:55:54 | INFO     | main | Transcribing read.mp3...
2026-04-25 11:56:51 | INFO     | main | Transcription saved: C:\AudioIntel\output-transcription\read_20260425_115554_transcription.txt
2026-04-25 11:56:52 | INFO     | main | Summarising read.mp3...
2026-04-25 11:57:13 | INFO     | main | Summary saved: C:\AudioIntel\output-summary\read_20260425_115554_summary.txt
2026-04-25 11:59:48 | INFO     | main | --------------------------------------------------------
2026-04-25 11:59:48 | INFO     | main | Found 1 audio file(s) in C:\AudioIntel\input-voice\read.mp3
2026-04-25 11:59:48 | INFO     | main | Initialising engines...
2026-04-25 11:59:59 | INFO     | main | Transcribing read.mp3...
2026-04-25 12:02:13 | INFO     | main | Transcription saved: C:\AudioIntel\output-transcription\read_20260425_115959_transcription.txt
2026-04-25 12:02:13 | INFO     | main | Translating read.mp3 to English â†’ Malay...
2026-04-25 12:03:17 | INFO     | main | Translation saved: C:\AudioIntel\output-translated\read_20260425_115959_translated.txt
2026-04-25 12:03:17 | INFO     | main | Summarising read.mp3...
2026-04-25 12:03:40 | INFO     | main | Summary saved: C:\AudioIntel\output-summary\read_20260425_115959_summary.txt
2026-04-25 12:33:57 | INFO     | main | --------------------------------------------------------
2026-04-25 12:33:57 | INFO     | main | Found 1 audio file(s) in C:\AudioIntel\input-voice\read.mp3
2026-04-25 12:33:57 | INFO     | main | Initialising engines...
2026-04-25 12:34:06 | INFO     | main | Transcribing read.mp3...
2026-04-25 12:35:03 | INFO     | main | Transcription saved: C:\AudioIntel\output-transcription\read_20260425_123406_transcription.txt
2026-04-25 12:35:04 | INFO     | main | Summarising read.mp3...
2026-04-25 12:35:22 | INFO     | main | Summary saved: C:\AudioIntel\output-summary\read_20260425_123406_summary.txt
2026-04-25 12:42:55 | INFO     | main | --------------------------------------------------------
2026-04-25 12:42:55 | INFO     | main | Found 1 audio file(s) in C:\AudioIntel\input-voice\read.mp3
2026-04-25 12:42:55 | INFO     | main | Initialising engines...
2026-04-25 12:43:04 | INFO     | main | Transcribing read.mp3...
2026-04-25 12:43:59 | INFO     | main | Transcription saved: C:\AudioIntel\output-transcription\read_20260425_124304_transcription.txt
2026-04-25 12:43:59 | INFO     | main | Translating read.mp3 to English > Malay...
2026-04-25 12:45:31 | INFO     | main | Translation saved: C:\AudioIntel\output-translated\read_20260425_124304_translated.txt
2026-04-25 12:45:31 | INFO     | main | Summarising read.mp3...
2026-04-25 12:47:11 | INFO     | main | Summary saved: C:\AudioIntel\output-summary\read_20260425_124304_summary.txt
2026-04-25 12:48:41 | INFO     | main | --------------------------------------------------------
2026-04-25 12:48:41 | INFO     | main | Found 1 audio file(s) in C:\AudioIntel\input-voice\read.mp3
2026-04-25 12:48:41 | INFO     | main | Initialising engines...
2026-04-25 12:48:54 | INFO     | main | Transcribing read.mp3...
2026-04-25 12:52:37 | INFO     | main | Transcription saved: C:\AudioIntel\output-transcription\read_20260425_124854_transcription.txt
2026-04-25 12:52:39 | INFO     | main | Translating read.mp3 to English > Chinese...
2026-04-25 12:54:26 | INFO     | main | Translation saved: C:\AudioIntel\output-translated\read_20260425_124854_translated.txt
2026-04-25 12:54:26 | INFO     | main | Summarising read.mp3...
2026-04-25 12:54:49 | INFO     | main | Summary saved: C:\AudioIntel\output-summary\read_20260425_124854_summary.txt
2026-04-25 12:56:30 | INFO     | main | --------------------------------------------------------
2026-04-25 12:56:30 | INFO     | main | Found 1 audio file(s) in C:\AudioIntel\input-voice\read.mp3
2026-04-25 12:56:30 | INFO     | main | Initialising engines...
2026-04-25 12:56:50 | INFO     | main | Transcribing read.mp3...
2026-04-25 12:58:38 | INFO     | main | Transcription saved: C:\AudioIntel\output-transcription\read_20260425_125650_transcription.txt
2026-04-25 12:58:38 | INFO     | main | Translating read.mp3 to English > Arabic...
2026-04-25 13:00:09 | INFO     | main | Translation saved: C:\AudioIntel\output-translated\read_20260425_125650_translated.txt
2026-04-25 13:00:09 | INFO     | main | Summarising read.mp3...
2026-04-25 13:00:34 | INFO     | main | Summary saved: C:\AudioIntel\output-summary\read_20260425_125650_summary.txt
2026-04-25 13:01:17 | INFO     | main | --------------------------------------------------------
2026-04-25 13:01:17 | INFO     | main | Found 1 audio file(s) in C:\AudioIntel\input-voice\read.mp3
2026-04-25 13:01:17 | INFO     | main | Initialising engines...
2026-04-25 13:01:35 | INFO     | main | Transcribing read.mp3...
2026-04-25 13:04:04 | INFO     | main | Transcription saved: C:\AudioIntel\output-transcription\read_20260425_130135_transcription.txt
2026-04-25 13:04:05 | INFO     | main | Translating read.mp3 to English > French...
2026-04-25 13:06:02 | INFO     | main | Translation saved: C:\AudioIntel\output-translated\read_20260425_130135_translated.txt
2026-04-25 13:06:02 | INFO     | main | Summarising read.mp3...
2026-04-25 13:06:27 | INFO     | main | Summary saved: C:\AudioIntel\output-summary\read_20260425_130135_summary.txt
2026-04-25 13:06:53 | INFO     | main | --------------------------------------------------------
2026-04-25 13:06:53 | INFO     | main | Found 1 audio file(s) in C:\AudioIntel\input-voice\read.mp3
2026-04-25 13:06:53 | INFO     | main | Initialising engines...
2026-04-25 13:07:49 | INFO     | main | Transcribing read.mp3...
2026-04-25 13:12:19 | INFO     | main | Transcription saved: C:\AudioIntel\output-transcription\read_20260425_130749_transcription.txt
2026-04-25 13:12:21 | INFO     | main | Translating read.mp3 to English > German...
2026-04-25 13:15:21 | INFO     | main | Translation saved: C:\AudioIntel\output-translated\read_20260425_130749_translated.txt
2026-04-25 13:15:21 | INFO     | main | Summarising read.mp3...
2026-04-25 13:25:48 | INFO     | main | --------------------------------------------------------
2026-04-25 13:25:48 | INFO     | main | Found 1 audio file(s) in C:\AudioIntel\input-voice\read.mp3
2026-04-25 13:25:48 | INFO     | main | Initialising engines...
2026-04-25 13:25:58 | INFO     | main | Transcribing read.mp3...
2026-04-25 13:28:20 | INFO     | main | Transcription saved: C:\AudioIntel\output-transcription\read_20260425_132558_transcription.txt
2026-04-25 13:28:20 | INFO     | main | Translating read.mp3 to English > Malay...
2026-04-25 13:29:30 | INFO     | main | Translation saved: C:\AudioIntel\output-translated\read_20260425_132558_translated.txt
2026-04-25 13:29:31 | INFO     | main | Summarising read.mp3...
2026-04-25 13:29:56 | INFO     | main | Summary saved: C:\AudioIntel\output-summary\read_20260425_132558_summary.txt
2026-04-25 13:30:30 | INFO     | main | --------------------------------------------------------
2026-04-25 13:30:30 | INFO     | main | Found 1 audio file(s) in C:\AudioIntel\input-voice\read.mp3
2026-04-25 13:30:30 | INFO     | main | Initialising engines...
2026-04-25 13:30:43 | INFO     | main | Transcribing read.mp3...
2026-04-25 13:30:44 | INFO     | main | --------------------------------------------------------
2026-04-25 13:30:44 | INFO     | main | Found 1 audio file(s) in C:\AudioIntel\input-voice\read.mp3
2026-04-25 13:30:44 | INFO     | main | Initialising engines...
2026-04-25 13:31:21 | INFO     | main | Transcribing read.mp3...
2026-04-25 13:36:04 | INFO     | main | Transcription saved: C:\AudioIntel\output-transcription\read_20260425_133121_transcription.txt
2026-04-25 13:36:06 | INFO     | main | Translating read.mp3 to English > German...
2026-04-25 13:36:32 | INFO     | main | Transcription saved: C:\AudioIntel\output-transcription\read_20260425_133043_transcription.txt
2026-04-25 13:38:01 | INFO     | main | Translation saved: C:\AudioIntel\output-translated\read_20260425_133121_translated.txt
2026-04-25 13:38:02 | INFO     | main | Summarising read.mp3...
2026-04-25 13:38:22 | INFO     | main | Summary saved: C:\AudioIntel\output-summary\read_20260425_133121_summary.txt
2026-04-25 13:41:13 | INFO     | main | --------------------------------------------------------
2026-04-25 13:41:13 | INFO     | main | Found 1 audio file(s) in C:\AudioIntel\input-voice\read.mp3
2026-04-25 13:41:13 | INFO     | main | Initialising engines...
2026-04-25 13:41:27 | INFO     | main | Transcribing read.mp3...
2026-04-25 13:44:50 | INFO     | main | Transcription saved: C:\AudioIntel\output-transcription\read_20260425_134127_transcription.txt
2026-04-25 13:44:51 | INFO     | main | Translating read.mp3 to English > French...
2026-04-25 13:48:00 | INFO     | main | Translation saved: C:\AudioIntel\output-translated\read_20260425_134127_translated.txt
2026-04-25 13:48:01 | INFO     | main | Summarising read.mp3...
2026-04-25 13:48:19 | INFO     | main | Summary saved: C:\AudioIntel\output-summary\read_20260425_134127_summary.txt
2026-04-25 13:48:56 | INFO     | main | --------------------------------------------------------
2026-04-25 13:48:56 | INFO     | main | Found 1 audio file(s) in C:\AudioIntel\input-voice\read.mp3
2026-04-25 13:48:56 | INFO     | main | Initialising engines...
2026-04-25 13:49:23 | INFO     | main | Transcribing read.mp3...
2026-04-25 13:53:31 | INFO     | main | Transcription saved: C:\AudioIntel\output-transcription\read_20260425_134923_transcription.txt
2026-04-25 13:53:36 | INFO     | main | Translating read.mp3 to English > Arabic...
2026-04-25 13:56:27 | INFO     | main | Translation saved: C:\AudioIntel\output-translated\read_20260425_134923_translated.txt
2026-04-25 13:56:28 | INFO     | main | Summarising read.mp3...
2026-04-25 13:57:17 | INFO     | main | Summary saved: C:\AudioIntel\output-summary\read_20260425_134923_summary.txt
2026-04-25 13:59:26 | INFO     | main | --------------------------------------------------------
2026-04-25 13:59:26 | INFO     | main | Found 1 audio file(s) in C:\AudioIntel\input-voice\read.mp3
2026-04-25 13:59:26 | INFO     | main | Initialising engines...
2026-04-25 13:59:42 | INFO     | main | Transcribing read.mp3...
2026-04-25 14:01:33 | INFO     | main | Transcription saved: C:\AudioIntel\output-transcription\read_20260425_135942_transcription.txt
2026-04-25 14:01:34 | INFO     | main | Translating read.mp3 to English > Chinese...
2026-04-25 14:03:10 | INFO     | main | Translation saved: C:\AudioIntel\output-translated\read_20260425_135942_translated.txt
2026-04-25 15:20:52 | INFO     | main | --------------------------------------------------------
2026-04-25 15:20:52 | INFO     | main | Found 1 audio file(s) in C:\AudioIntel\input-voice\read.mp3
2026-04-25 15:20:52 | INFO     | main | Initialising engines...
2026-04-25 15:21:04 | INFO     | main | Transcribing read.mp3...
2026-04-25 15:22:37 | INFO     | main | Transcription saved: C:\AudioIntel\output-transcription\read_20260425_152104_transcription.txt
2026-04-25 15:22:37 | INFO     | main | Translating read.mp3 to English > Malay...
2026-04-25 15:23:56 | INFO     | main | Translation saved: C:\AudioIntel\output-translated\read_20260425_152104_translated.txt
2026-04-25 15:23:56 | INFO     | main | Summarising read.mp3...
2026-04-25 15:24:21 | INFO     | main | Summary saved: C:\AudioIntel\output-summary\read_20260425_152104_summary.txt
2026-04-25 16:28:03 | INFO     | main | --------------------------------------------------------
2026-04-25 16:28:03 | INFO     | main | Found 1 audio file(s) in C:\AudioIntel\input-voice\travel.mp3
2026-04-25 16:28:03 | INFO     | main | Initialising engines...
2026-04-25 16:28:13 | INFO     | main | Transcribing travel.mp3...
2026-04-25 16:36:21 | INFO     | main | Transcription saved: C:\AudioIntel\output-transcription\travel_20260425_162813_transcription.txt
2026-04-25 16:36:21 | INFO     | main | Translating travel.mp3 to English > Malay...
2026-04-25 16:45:18 | INFO     | main | Translation saved: C:\AudioIntel\output-translated\travel_20260425_162813_translated.txt
2026-04-25 16:45:19 | INFO     | main | Summarising travel.mp3...
2026-04-25 16:45:49 | INFO     | main | Summary saved: C:\AudioIntel\output-summary\travel_20260425_162813_summary.txt
2026-04-26 11:32:45 | INFO     | main | --------------------------------------------------------
2026-04-26 11:32:45 | INFO     | main | Found 1 audio file(s) in C:/AudioIntel/input-voice/driving.mp3
2026-04-26 11:32:45 | INFO     | main | Initialising engines...
2026-04-26 11:32:54 | INFO     | main | Transcribing driving.mp3...
2026-04-26 11:37:58 | INFO     | main | Transcription saved: C:\AudioIntel\output-transcription\driving_20260426_113254_transcription.txt
2026-04-26 11:37:59 | INFO     | main | Summarising driving.mp3...
2026-04-26 11:38:23 | INFO     | main | Summary saved: C:\AudioIntel\output-summary\driving_20260426_113254_summary.txt
2026-04-26 11:43:01 | INFO     | main | --------------------------------------------------------
2026-04-26 11:43:01 | INFO     | main | Found 1 audio file(s) in C:/AudioIntel/input-voice/driving.mp3
2026-04-26 11:43:01 | INFO     | main | Initialising engines...
2026-04-26 11:43:15 | INFO     | main | Transcribing driving.mp3...
2026-04-26 11:49:25 | INFO     | main | Transcription saved: C:\AudioIntel\output-transcription\driving_20260426_114315_transcription.txt
2026-04-26 11:49:26 | INFO     | main | Translating driving.mp3 to English > Malay...
2026-04-26 11:53:48 | INFO     | main | Translation saved: C:\AudioIntel\output-translated\driving_20260426_114315_translated.txt
2026-04-26 11:53:50 | INFO     | main | Summarising driving.mp3...
2026-04-26 11:54:21 | INFO     | main | Summary saved: C:\AudioIntel\output-summary\driving_20260426_114315_summary.txt
2026-04-26 20:06:02 | INFO     | main | --------------------------------------------------------
2026-04-26 20:06:02 | INFO     | main | Found 1 file(s) in C:/AudioIntel/input-voice/driving.mp3
2026-04-26 20:06:02 | INFO     | main | Initialising engines...
2026-04-26 20:06:14 | INFO     | main | Transcribing driving.mp3...
2026-04-26 20:08:53 | INFO     | main | --------------------------------------------------------
2026-04-26 20:08:53 | INFO     | main | Found 1 file(s) in C:/AudioIntel/input-voice/driving.mp3
2026-04-26 20:08:53 | INFO     | main | Initialising engines...
2026-04-26 20:09:52 | INFO     | main | Transcribing driving.mp3...
2026-04-26 20:40:46 | INFO     | main | Transcription saved: C:\AudioIntel\output-transcription\driving_20260426_200952_transcription.txt
2026-04-26 20:40:57 | INFO     | main | Transcription saved: C:\AudioIntel\output-transcription\driving_20260426_200614_transcription.txt
2026-04-26 20:50:40 | INFO     | main | --------------------------------------------------------
2026-04-26 20:50:40 | INFO     | main | Found 1 file(s) in C:/AudioIntel/input-voice/driving.mp3
2026-04-26 20:50:40 | INFO     | main | Initialising engines...
2026-04-26 20:50:49 | INFO     | main | Transcribing driving.mp3...
2026-04-26 20:56:31 | INFO     | main | Transcription saved: C:\AudioIntel\output-transcription\driving_20260426_205049_transcription.txt
2026-04-26 20:56:32 | INFO     | main | Translating driving.mp3 to English > Arabic...
2026-04-26 21:00:31 | INFO     | main | Translation saved: C:\AudioIntel\output-translated\driving_20260426_205049_translated.txt
2026-04-26 21:00:33 | INFO     | main | Summarising driving.mp3...
2026-04-26 21:01:06 | INFO     | main | Summary saved: C:\AudioIntel\output-summary\driving_20260426_205049_summary.txt
2026-04-26 21:19:43 | INFO     | main | --------------------------------------------------------
2026-04-26 21:19:43 | INFO     | main | Found 1 file(s) in C:/AudioIntel/input-voice/driving.mp3
2026-04-26 21:19:43 | INFO     | main | Initialising engines...
2026-04-26 21:19:52 | INFO     | main | Transcribing driving.mp3...
2026-04-26 21:24:49 | INFO     | main | Transcription saved: C:\AudioIntel\output-transcription\driving_20260426_211952_transcription.txt
2026-04-26 21:24:49 | INFO     | main | Translating driving.mp3 to English > Chinese...
2026-04-26 21:26:45 | INFO     | main | Translation saved: C:\AudioIntel\output-translated\driving_20260426_211952_translated.txt
2026-04-26 21:26:45 | INFO     | main | Summarising driving.mp3...
2026-04-26 21:27:10 | INFO     | main | Summary saved: C:\AudioIntel\output-summary\driving_20260426_211952_summary.txt
2026-04-26 21:27:10 | INFO     | main | Pipeline complete.
2026-04-26 22:24:28 | INFO     | main | --------------------------------------------------------
2026-04-26 22:24:28 | INFO     | main | Found 1 file(s) in C:/AudioIntel/input-voice/read.mp3
2026-04-26 22:24:28 | INFO     | main | Initialising engines...
2026-04-26 22:24:35 | INFO     | main | Transcribing read.mp3...
2026-04-26 22:27:02 | INFO     | main | Transcription saved: C:\AudioIntel\output-transcription\read_20260426_222435_transcription.txt
2026-04-26 22:27:03 | INFO     | main | Translating read.mp3 to English > Chinese...
2026-04-26 22:28:18 | INFO     | main | Translation saved: C:\AudioIntel\output-translated\read_20260426_222435_translated.txt
2026-04-26 22:28:18 | INFO     | main | Summarising read.mp3...
2026-04-26 22:29:06 | INFO     | main | Summary saved: C:\AudioIntel\output-summary\read_20260426_222435_summary.txt
2026-04-26 22:29:06 | INFO     | main | Pipeline complete.
2026-04-26 22:32:42 | INFO     | main | --------------------------------------------------------
2026-04-26 22:32:42 | INFO     | main | Found 1 file(s) in C:/AudioIntel/input-voice/read.mp3
2026-04-26 22:32:42 | INFO     | main | Initialising engines...
2026-04-26 22:32:54 | INFO     | main | Transcribing read.mp3...
2026-04-26 22:34:28 | INFO     | main | Transcription saved: C:\AudioIntel\output-transcription\read_20260426_223254_transcription.txt
2026-04-26 22:34:29 | INFO     | main | Translating read.mp3 to English > Chinese...
2026-04-26 22:35:30 | INFO     | main | Translation saved: C:\AudioIntel\output-translated\read_20260426_223254_translated.txt
2026-04-26 22:35:31 | INFO     | main | Summarising read.mp3...
2026-04-26 22:35:53 | INFO     | main | Summary saved: C:\AudioIntel\output-summary\read_20260426_223254_summary.txt
2026-04-26 22:35:53 | INFO     | main | Pipeline complete.
2026-04-26 22:36:39 | INFO     | main | --------------------------------------------------------
2026-04-26 22:36:39 | INFO     | main | Found 1 file(s) in C:/AudioIntel/input-voice/travel.mp3
2026-04-26 22:36:39 | INFO     | main | Initialising engines...
2026-04-26 22:36:50 | INFO     | main | Transcribing travel.mp3...
2026-04-26 22:59:14 | INFO     | main | Transcription saved: C:\AudioIntel\output-transcription\travel_20260426_223650_transcription.txt
2026-04-26 22:59:15 | INFO     | main | Translating travel.mp3 to English > Chinese...
2026-04-26 23:04:51 | INFO     | main | Translation saved: C:\AudioIntel\output-translated\travel_20260426_223650_translated.txt
2026-04-26 23:04:52 | INFO     | main | Summarising travel.mp3...
2026-04-26 23:05:20 | INFO     | main | Summary saved: C:\AudioIntel\output-summary\travel_20260426_223650_summary.txt
2026-04-26 23:05:20 | INFO     | main | Pipeline complete.
2026-04-27 17:45:12 | INFO     | main | --------------------------------------------------------
2026-04-27 17:45:12 | INFO     | main | Found 13 file(s) in C:/AudioIntel/input-voice
2026-04-27 17:45:12 | INFO     | main | Initialising engines...
2026-04-27 17:45:21 | INFO     | main | Transcribing conversation-01.mp3...
2026-04-27 17:47:41 | INFO     | main | Transcription saved: C:\AudioIntel\output-transcription\conversation-01_20260427_174521_transcription.txt
2026-04-27 17:47:42 | INFO     | main | Translating conversation-01.mp3 to English > Malay...
2026-04-27 17:49:44 | INFO     | main | Translation saved: C:\AudioIntel\output-translated\conversation-01_20260427_174521_translated.txt
2026-04-27 17:49:45 | INFO     | main | Summarising conversation-01.mp3...
2026-04-27 17:50:05 | INFO     | main | Summary saved: C:\AudioIntel\output-summary\conversation-01_20260427_174521_summary.txt
2026-04-27 17:50:05 | INFO     | main | Transcribing conversation-02.mp3...
2026-04-27 17:50:05 | ERROR    | main | Pipeline error: 'NoneType' object has no attribute 'decode'
Traceback (most recent call last):
  File "C:\AudioIntel\app\main.py", line 207, in <module>
    result     = transcriber.transcribe(
                 ^^^^^^^^^^^^^^^^^^^^^^^
  File "C:\AudioIntel\app\transcriber.py", line 73, in transcribe
    result = self._transcribe_with_progress(
             ^^^^^^^^^^^^^^^^^^^^^^^^^^^^^^^
  File "C:\AudioIntel\app\transcriber.py", line 104, in _transcribe_with_progress
    original_decode = self.model.decode # type: ignore
                      ^^^^^^^^^^^^^^^^^
AttributeError: 'NoneType' object has no attribute 'decode'
2026-04-27 17:59:36 | INFO     | main | --------------------------------------------------------
2026-04-27 17:59:36 | INFO     | main | Found 13 file(s) in C:/AudioIntel/input-voice
2026-04-27 17:59:36 | INFO     | main | Initialising engines...
2026-04-27 17:59:45 | INFO     | main | Transcribing conversation-01.mp3...
2026-04-27 18:02:33 | INFO     | main | Transcription saved: C:\AudioIntel\output-transcription\conversation-01_20260427_175945_transcription.txt
2026-04-27 18:02:33 | INFO     | main | Translating conversation-01.mp3 to English > Chinese...
2026-04-27 18:04:14 | INFO     | main | Translation saved: C:\AudioIntel\output-translated\conversation-01_20260427_175945_translated.txt
2026-04-27 18:04:15 | INFO     | main | Summarising conversation-01.mp3...
2026-04-27 18:04:34 | INFO     | main | Summary saved: C:\AudioIntel\output-summary\conversation-01_20260427_175945_summary.txt
2026-04-27 18:04:34 | INFO     | main | Transcribing conversation-02.mp3...
2026-04-27 18:04:35 | ERROR    | main | Pipeline error: 'NoneType' object has no attribute 'decode'
Traceback (most recent call last):
  File "C:\AudioIntel\app\main.py", line 207, in <module>
    result     = transcriber.transcribe(
                 ^^^^^^^^^^^^^^^^^^^^^^^
  File "C:\AudioIntel\app\transcriber.py", line 74, in transcribe
    result = self._transcribe_with_progress(
             ^^^^^^^^^^^^^^^^^^^^^^^^^^^^^^^
  File "C:\AudioIntel\app\transcriber.py", line 105, in _transcribe_with_progress
    original_decode = self.model.decode # type: ignore
                      ^^^^^^^^^^^^^^^^^
AttributeError: 'NoneType' object has no attribute 'decode'
2026-04-27 18:15:36 | INFO     | main | --------------------------------------------------------
2026-04-27 18:15:36 | INFO     | main | Found 13 file(s) in C:/AudioIntel/input-voice
2026-04-27 18:15:36 | INFO     | main | Initialising engines...
2026-04-27 18:15:36 | INFO     | main | Loading Whisper for file 1/13...
2026-04-27 18:15:48 | INFO     | main | Transcribing conversation-01.mp3...
2026-04-27 18:26:01 | INFO     | main | Transcription saved: C:\AudioIntel\output-transcription\conversation-01_20260427_181536_transcription.txt
2026-04-27 18:26:02 | INFO     | main | Translating conversation-01.mp3 to English > Chinese...
2026-04-27 18:29:03 | INFO     | main | Translation saved: C:\AudioIntel\output-translated\conversation-01_20260427_181536_translated.txt
2026-04-27 18:29:04 | INFO     | main | Summarising conversation-01.mp3...
2026-04-27 18:29:56 | INFO     | main | Summary saved: C:\AudioIntel\output-summary\conversation-01_20260427_181536_summary.txt
2026-04-27 18:29:56 | INFO     | main | Loading Whisper for file 2/13...
2026-04-27 18:30:18 | INFO     | main | Transcribing conversation-02.mp3...
2026-04-27 18:41:49 | INFO     | main | Transcription saved: C:\AudioIntel\output-transcription\conversation-02_20260427_182956_transcription.txt
2026-04-27 18:41:51 | INFO     | main | Translating conversation-02.mp3 to English > Chinese...
2026-04-27 21:01:01 | INFO     | main | --------------------------------------------------------
2026-04-27 21:01:01 | INFO     | main | Found 1 file(s) in C:/AudioIntel/tmp/Ninja_Teacher.mp3
2026-04-27 21:01:01 | INFO     | main | Initialising engines...
2026-04-27 21:01:01 | INFO     | main | Loading Whisper for file 1/1...
2026-04-27 21:01:12 | INFO     | main | Transcribing Ninja_Teacher.mp3...
2026-04-27 21:10:44 | INFO     | main | Transcription saved: C:\AudioIntel\output-transcription\Ninja_Teacher_20260427_210101_transcription.txt
2026-04-27 21:10:44 | INFO     | main | Translating Ninja_Teacher.mp3 to English > Malay...
2026-04-27 21:16:36 | INFO     | main | Translation saved: C:\AudioIntel\output-translated\Ninja_Teacher_20260427_210101_translated.txt
2026-04-27 21:16:36 | INFO     | main | Summarising Ninja_Teacher.mp3...
2026-04-27 21:17:07 | INFO     | main | Summary saved: C:\AudioIntel\output-summary\Ninja_Teacher_20260427_210101_summary.txt
2026-04-27 21:17:07 | INFO     | main | Pipeline complete.
2026-04-27 21:21:06 | INFO     | main | --------------------------------------------------------
2026-04-27 21:21:06 | INFO     | main | Found 1 file(s) in C:/AudioIntel/tmp/Homeless_In_Athens_1B.mp3
2026-04-27 21:21:06 | INFO     | main | Initialising engines...
2026-04-27 21:21:06 | INFO     | main | Loading Whisper for file 1/1...
2026-04-27 21:21:18 | INFO     | main | Transcribing Homeless_In_Athens_1B.mp3...
2026-04-27 21:43:04 | INFO     | main | Transcription saved: C:\AudioIntel\output-transcription\Homeless_In_Athens_1B_20260427_212106_transcription.txt
2026-04-27 21:43:06 | INFO     | main | Translating Homeless_In_Athens_1B.mp3 to English > Arabic...
2026-04-27 21:53:53 | INFO     | main | Translation saved: C:\AudioIntel\output-translated\Homeless_In_Athens_1B_20260427_212106_translated.txt
2026-04-27 21:53:54 | INFO     | main | Summarising Homeless_In_Athens_1B.mp3...
2026-04-27 21:54:23 | INFO     | main | Summary saved: C:\AudioIntel\output-summary\Homeless_In_Athens_1B_20260427_212106_summary.txt
2026-04-27 21:54:23 | INFO     | main | Pipeline complete.
2026-04-27 21:55:08 | INFO     | main | --------------------------------------------------------
2026-04-27 21:55:08 | INFO     | main | Found 1 file(s) in C:/AudioIntel/tmp/Ninja_Teacher.mp3
2026-04-27 21:55:08 | INFO     | main | Initialising engines...
2026-04-27 21:55:08 | INFO     | main | Loading Whisper for file 1/1...
2026-04-27 21:55:27 | INFO     | main | Transcribing Ninja_Teacher.mp3...
2026-04-27 22:25:33 | INFO     | main | Transcription saved: C:\AudioIntel\output-transcription\Ninja_Teacher_20260427_215508_transcription.txt
2026-04-27 22:25:36 | INFO     | main | Translating Ninja_Teacher.mp3 to English > Chinese...
2026-04-27 22:30:41 | INFO     | main | --------------------------------------------------------
2026-04-27 22:30:41 | INFO     | main | Found 1 file(s) in C:/AudioIntel/tmp/Ninja_Teacher.mp3
2026-04-27 22:30:41 | INFO     | main | Initialising engines...
2026-04-27 22:30:41 | INFO     | main | Loading Whisper for file 1/1...
2026-04-27 22:31:15 | INFO     | main | Transcribing Ninja_Teacher.mp3...
2026-04-27 22:32:07 | INFO     | main | --------------------------------------------------------
2026-04-27 22:32:07 | INFO     | main | Found 1 file(s) in C:/AudioIntel/tmp/Ninja_Teacher.mp3
2026-04-27 22:32:07 | INFO     | main | Initialising engines...
2026-04-27 22:32:07 | INFO     | main | Loading Whisper for file 1/1...
2026-04-27 22:32:09 | INFO     | main | --------------------------------------------------------
2026-04-27 22:32:09 | INFO     | main | Found 1 file(s) in C:/AudioIntel/tmp/Ninja_Teacher.mp3
2026-04-27 22:32:09 | INFO     | main | Initialising engines...
2026-04-27 22:32:09 | INFO     | main | Loading Whisper for file 1/1...
2026-04-28 03:26:08 | INFO     | main | Transcribing Ninja_Teacher.mp3...
2026-04-28 03:26:09 | INFO     | main | Transcribing Ninja_Teacher.mp3...
2026-04-28 04:28:11 | INFO     | main | --------------------------------------------------------
2026-04-28 04:28:11 | INFO     | main | Found 1 file(s) in C:/AudioIntel/tmp/Ninja_Teacher.mp3
2026-04-28 04:28:11 | INFO     | main | Initialising engines...
2026-04-28 04:28:11 | INFO     | main | Loading Whisper for file 1/1...
2026-04-28 04:28:19 | INFO     | main | Transcribing Ninja_Teacher.mp3...
2026-04-28 04:35:19 | INFO     | main | Transcription saved: C:\AudioIntel\output-transcription\Ninja_Teacher_20260428_042811_transcription.txt
2026-04-28 04:35:19 | INFO     | main | Translating Ninja_Teacher.mp3 to English > Arabic...
2026-04-28 06:44:17 | INFO     | main | --------------------------------------------------------
2026-04-28 06:44:17 | INFO     | main | Found 1 file(s) in C:/AudioIntel/tmp/Ninja_Teacher.mp3
2026-04-28 06:44:17 | INFO     | main | Initialising engines...
2026-04-28 06:44:17 | INFO     | main | Loading Whisper for file 1/1...
2026-04-28 06:44:24 | INFO     | main | Transcribing Ninja_Teacher.mp3...
2026-04-28 09:12:32 | INFO     | main | --------------------------------------------------------
2026-04-28 09:12:32 | INFO     | main | Found 1 file(s) in C:/AudioIntel/tmp/Ninja_Teacher.mp3
2026-04-28 09:12:32 | INFO     | main | Initialising engines...
2026-04-28 09:12:32 | INFO     | main | Loading Whisper for file 1/1...
2026-04-28 09:13:10 | ERROR    | main | Pipeline error: CUDA error: out of memory
Search for `cudaErrorMemoryAllocation' in https://docs.nvidia.com/cuda/cuda-runtime-api/group__CUDART__TYPES.html for more information.
CUDA kernel errors might be asynchronously reported at some other API call, so the stacktrace below might be incorrect.
For debugging consider passing CUDA_LAUNCH_BLOCKING=1
Compile with `TORCH_USE_CUDA_DSA` to enable device-side assertions.
Traceback (most recent call last):
  File "C:\AudioIntel\app\main.py", line 189, in <module>
    transcriber = Transcriber(whisper_cfg)
                  ^^^^^^^^^^^^^^^^^^^^^^^^
  File "C:\AudioIntel\app\transcriber.py", line 29, in __init__
    self.model = whisper.load_model(
                 ^^^^^^^^^^^^^^^^^^^
  File "C:\AudioIntel\venv\Lib\site-packages\whisper\__init__.py", line 161, in load_model
    return model.to(device)
           ^^^^^^^^^^^^^^^^
  File "C:\AudioIntel\venv\Lib\site-packages\torch\nn\modules\module.py", line 1384, in to
    return self._apply(convert)
           ^^^^^^^^^^^^^^^^^^^^
  File "C:\AudioIntel\venv\Lib\site-packages\torch\nn\modules\module.py", line 934, in _apply
    module._apply(fn)
  File "C:\AudioIntel\venv\Lib\site-packages\torch\nn\modules\module.py", line 934, in _apply
    module._apply(fn)
  File "C:\AudioIntel\venv\Lib\site-packages\torch\nn\modules\module.py", line 934, in _apply
    module._apply(fn)
  [Previous line repeated 2 more times]
  File "C:\AudioIntel\venv\Lib\site-packages\torch\nn\modules\module.py", line 965, in _apply
    param_applied = fn(param)
                    ^^^^^^^^^
  File "C:\AudioIntel\venv\Lib\site-packages\torch\nn\modules\module.py", line 1370, in convert
    return t.to(
           ^^^^^
torch.AcceleratorError: CUDA error: out of memory
Search for `cudaErrorMemoryAllocation' in https://docs.nvidia.com/cuda/cuda-runtime-api/group__CUDART__TYPES.html for more information.
CUDA kernel errors might be asynchronously reported at some other API call, so the stacktrace below might be incorrect.
For debugging consider passing CUDA_LAUNCH_BLOCKING=1
Compile with `TORCH_USE_CUDA_DSA` to enable device-side assertions.

2026-04-28 09:38:25 | INFO     | main | CUDA memory cleared. Free: 5.0 GB / 6.0 GB
2026-04-28 09:38:25 | INFO     | main | --------------------------------------------------------
2026-04-28 09:38:25 | INFO     | main | Found 1 file(s) in C:/AudioIntel/tmp/Ninja_Teacher.mp3
2026-04-28 09:38:25 | INFO     | main | Initialising engines...
2026-04-28 09:38:25 | INFO     | main | VRAM available: 5.0 GB — loading to GPU.
2026-04-28 09:38:25 | INFO     | main | Loading Whisper for file 1/1...
2026-04-28 09:38:32 | INFO     | main | Transcribing Ninja_Teacher.mp3...
2026-04-28 09:56:34 | INFO     | main | Transcription saved: C:\AudioIntel\output-transcription\Ninja_Teacher_20260428_093825_transcription.txt
2026-04-28 09:56:34 | INFO     | main | Translating Ninja_Teacher.mp3 to English > Chinese... (~29 chunks estimated)
2026-04-28 10:06:45 | INFO     | main | Translation saved: C:\AudioIntel\output-translated\Ninja_Teacher_20260428_093825_translated.txt
2026-04-28 10:06:46 | INFO     | main | Summarising Ninja_Teacher.mp3...
2026-04-28 10:08:49 | INFO     | main | Summary saved: C:\AudioIntel\output-summary\Ninja_Teacher_20260428_093825_summary.txt
2026-04-28 10:08:49 | INFO     | main | Pipeline complete.
2026-04-28 10:21:37 | INFO     | main | CUDA memory cleared. Free: 4.9 GB / 6.0 GB
2026-04-28 10:21:37 | INFO     | main | --------------------------------------------------------
2026-04-28 10:21:37 | INFO     | main | Found 1 file(s) in C:/AudioIntel/tmp/Ninja_Teacher.mp3
2026-04-28 10:21:37 | INFO     | main | Initialising engines...
2026-04-28 10:21:37 | INFO     | main | VRAM available: 4.9 GB — loading to GPU.
2026-04-28 10:21:37 | INFO     | main | Loading Whisper for file 1/1...
2026-04-28 10:21:45 | INFO     | main | Transcribing Ninja_Teacher.mp3...
2026-04-28 10:31:24 | INFO     | main | Transcription saved: C:\AudioIntel\output-transcription\Ninja_Teacher_20260428_102137_transcription.txt
2026-04-28 10:31:24 | INFO     | main | Translating Ninja_Teacher.mp3 to English > Chinese... (~29 chunks estimated)
2026-04-28 10:40:03 | INFO     | main | Translation saved: C:\AudioIntel\output-translated\Ninja_Teacher_20260428_102137_translated.txt
2026-04-28 10:40:04 | INFO     | main | Summarising Ninja_Teacher.mp3...
2026-04-28 10:41:32 | INFO     | main | Summary saved: C:\AudioIntel\output-summary\Ninja_Teacher_20260428_102137_summary.txt
2026-04-28 10:41:32 | INFO     | main | Pipeline complete.
2026-04-28 10:53:00 | INFO     | main | --------------------------------------------------------
2026-04-28 10:53:00 | INFO     | main | CUDA memory cleared. Free: 5.0 GB / 6.0 GB
2026-04-28 10:53:00 | INFO     | main | Found 1 file(s) in C:/AudioIntel/tmp/Ninja_Teacher.mp3
2026-04-28 10:53:00 | INFO     | main | Initialising engines...
2026-04-28 10:53:00 | INFO     | main | VRAM available: 5.0 GB — loading to GPU.
2026-04-28 10:53:00 | INFO     | main | Loading Whisper for file 1/1...
2026-04-28 10:53:07 | INFO     | main | Transcribing Ninja_Teacher.mp3...
2026-04-28 10:59:30 | INFO     | main | Transcription saved: C:\AudioIntel\output-transcription\Ninja_Teacher_20260428_105300_transcription.txt
2026-04-28 10:59:30 | INFO     | main | Translating Ninja_Teacher.mp3 to English > Malay... (~29 chunks estimated)
2026-04-28 11:06:59 | INFO     | main | Translation saved: C:\AudioIntel\output-translated\Ninja_Teacher_20260428_105300_translated.txt
2026-04-28 11:07:00 | INFO     | main | Summarising Ninja_Teacher.mp3...
2026-04-28 11:08:47 | INFO     | main | Summary saved: C:\AudioIntel\output-summary\Ninja_Teacher_20260428_105300_summary.txt
2026-04-28 11:08:47 | INFO     | main | Pipeline complete.
2026-04-28 11:09:08 | INFO     | main | --------------------------------------------------------
2026-04-28 11:09:08 | INFO     | main | CUDA memory cleared. Free: 4.9 GB / 6.0 GB
2026-04-28 11:09:08 | INFO     | main | Found 1 file(s) in C:/AudioIntel/tmp/Ninja_Teacher.mp3
2026-04-28 11:09:08 | INFO     | main | Initialising engines...
2026-04-28 11:09:08 | INFO     | main | VRAM available: 4.9 GB — loading to GPU.
2026-04-28 11:09:08 | INFO     | main | Loading Whisper for file 1/1...
2026-04-28 11:09:17 | INFO     | main | Transcribing Ninja_Teacher.mp3...
2026-04-28 11:17:56 | INFO     | main | Transcription saved: C:\AudioIntel\output-transcription\Ninja_Teacher_20260428_110908_transcription.txt
2026-04-28 11:17:56 | INFO     | main | Translating Ninja_Teacher.mp3 to English > Malay... (~28 chunks estimated)
2026-04-28 11:24:35 | INFO     | main | Translation saved: C:\AudioIntel\output-translated\Ninja_Teacher_20260428_110908_translated.txt
2026-04-28 11:24:36 | INFO     | main | Summarising Ninja_Teacher.mp3...
2026-04-28 11:26:10 | INFO     | main | Summary saved: C:\AudioIntel\output-summary\Ninja_Teacher_20260428_110908_summary.txt
2026-04-28 11:26:10 | INFO     | main | Pipeline complete.
2026-04-28 11:27:09 | INFO     | main | --------------------------------------------------------
2026-04-28 11:27:09 | INFO     | main | CUDA memory cleared. Free: 4.9 GB / 6.0 GB
2026-04-28 11:27:09 | INFO     | main | Found 1 file(s) in C:/AudioIntel/tmp/Ninja_Teacher.mp3
2026-04-28 11:27:09 | INFO     | main | Initialising engines...
2026-04-28 11:27:09 | INFO     | main | VRAM available: 4.9 GB — loading to GPU.
2026-04-28 11:27:09 | INFO     | main | Loading Whisper for file 1/1...
2026-04-28 11:27:18 | INFO     | main | Transcribing Ninja_Teacher.mp3...
2026-04-28 11:31:10 | INFO     | main | Transcription saved: C:\AudioIntel\output-transcription\Ninja_Teacher_20260428_112709_transcription.txt
2026-04-28 11:31:11 | INFO     | main | Translating Ninja_Teacher.mp3 to English > Malay... (~28 chunks estimated)
2026-04-28 11:33:08 | INFO     | main | Translation saved: C:\AudioIntel\output-translated\Ninja_Teacher_20260428_112709_translated.txt
2026-04-28 11:33:09 | INFO     | main | Summarising Ninja_Teacher.mp3...
2026-04-28 11:33:40 | INFO     | main | Summary saved: C:\AudioIntel\output-summary\Ninja_Teacher_20260428_112709_summary.txt
2026-04-28 11:33:40 | INFO     | main | Pipeline complete.
2026-04-28 11:42:44 | INFO     | main | --------------------------------------------------------
2026-04-28 11:42:44 | INFO     | main | CUDA memory cleared. Free: 4.9 GB / 6.0 GB
2026-04-28 11:42:44 | INFO     | main | Found 1 file(s) in C:/AudioIntel/tmp/Ninja_Teacher.mp3
2026-04-28 11:42:44 | INFO     | main | Initialising engines...
2026-04-28 11:42:44 | INFO     | main | VRAM available: 4.9 GB — loading to GPU.
2026-04-28 11:42:44 | INFO     | main | Loading Whisper for file 1/1...
2026-04-28 11:42:53 | INFO     | main | Transcribing Ninja_Teacher.mp3...
2026-04-28 11:51:02 | INFO     | main | Transcription saved: C:\AudioIntel\output-transcription\Ninja_Teacher_20260428_114244_transcription.txt
2026-04-28 11:51:02 | INFO     | main | Translating Ninja_Teacher.mp3 to English > Malay... (~28 chunks estimated)
2026-04-28 11:57:41 | INFO     | main | Translation saved: C:\AudioIntel\output-translated\Ninja_Teacher_20260428_114244_translated.txt
2026-04-28 11:57:42 | INFO     | main | Summarising Ninja_Teacher.mp3...
2026-04-28 12:00:08 | INFO     | main | Summary saved: C:\AudioIntel\output-summary\Ninja_Teacher_20260428_114244_summary.txt
2026-04-28 12:00:08 | INFO     | main | Pipeline complete.
